<?xml version="1.0" encoding="UTF-8"?>
<!-- Generated by org.testng.reporters.JUnitReportReporter -->
<testsuite skipped="0" hostname="Aruns-MacBook-Pro.local" name="JenkinsTest.NewTest" tests="2" failures="0" timestamp="15 Jul 2020 08:21:51 GMT" time="3.576" errors="0">
  <testcase name="Login" time="2.762" classname="JenkinsTest.NewTest"/>
  <testcase name="Logout" time="0.814" classname="JenkinsTest.NewTest"/>
</testsuite> <!-- JenkinsTest.NewTest -->
